<?xml version="1.0" encoding="UTF-8"?>
<!-- Generated by org.testng.reporters.JUnitReportReporter -->
<testsuite skipped="0" hostname="Lenovo-PC" name="ABC.XYZ.DataWithScreen" tests="1" failures="0" timestamp="12 Aug 2019 16:13:16 GMT" time="57.094" errors="0">
  <testcase name="method1" time="57.094" classname="ABC.XYZ.DataWithScreen"/>
</testsuite> <!-- ABC.XYZ.DataWithScreen -->
